<?xml version="1.0" encoding="UTF-8"?>
<!-- Generated by org.testng.reporters.JUnitXMLReporter -->
<testsuite hostname="Surajs-MacBook-Pro.local" ignored="0" name="HomePageTest" tests="1" failures="1" timestamp="2020-01-06T11:12:16 PST" time="0.965" errors="0">
  <testcase name="@AfterTest teardown" time="0.001" classname="Academy.HomePage">
    <failure type="java.lang.NullPointerException">
      <![CDATA[java.lang.NullPointerException
at Academy.HomePage.teardown(HomePage.java:49)
... Removed 24 stack frames]]>
    </failure>
  </testcase> <!-- @AfterTest teardown -->
  <testcase name="basePageNavigation" time="0.961" classname="Academy.HomePage">
    <failure type="org.openqa.selenium.SessionNotCreatedException" message="session not created: This version of ChromeDriver only supports Chrome version 77
Build info: version: &amp;apos;3.141.5&amp;apos;, revision: &amp;apos;d54ebd709a&amp;apos;, time: &amp;apos;2018-11-06T11:42:16&amp;apos;
System info: host: &amp;apos;Surajs-MacBook-Pro.local&amp;apos;, ip: &amp;apos;2600:6c50:637f:fcfb:f065:35c0:312b:5b48%en0&amp;apos;, os.name: &amp;apos;Mac OS X&amp;apos;, os.arch: &amp;apos;x86_64&amp;apos;, os.version: &amp;apos;10.15.2&amp;apos;, java.version: &amp;apos;1.8.0_231&amp;apos;
Driver info: driver.version: ChromeDriver
remote stacktrace: 0   chromedriver                        0x000000010feeff09 chromedriver + 3694345
1   chromedriver                        0x000000010fe7cfd3 chromedriver + 3223507
2   chromedriver                        0x000000010fc1c58f chromedriver + 730511
3   chromedriver                        0x000000010fb8210b chromedriver + 98571
4   chromedriver                        0x000000010fb7e22a chromedriver + 82474
5   chromedriver                        0x000000010fbabb71 chromedriver + 269169
6   chromedriver                        0x000000010fba8e83 chromedriver + 257667
7   chromedriver                        0x000000010fb8423d chromedriver + 107069
8   chromedriver                        0x000000010fb851d5 chromedriver + 111061
9   chromedriver                        0x000000010feab07f chromedriver + 3412095
10  chromedriver                        0x000000010feb7ced chromedriver + 3464429
11  chromedriver                        0x000000010feb7a78 chromedriver + 3463800
12  chromedriver                        0x000000010fe8a959 chromedriver + 3279193
13  chromedriver                        0x000000010feb8548 chromedriver + 3466568
14  chromedriver                        0x000000010fe9f1b7 chromedriver + 3363255
15  chromedriver                        0x000000010fed6474 chromedriver + 3589236
16  chromedriver                        0x000000010fef5ce7 chromedriver + 3718375
17  libsystem_pthread.dylib             0x00007fff671b7e65 _pthread_start + 148
18  libsystem_pthread.dylib             0x00007fff671b383b thread_start + 15
">
      <![CDATA[org.openqa.selenium.SessionNotCreatedException: session not created: This version of ChromeDriver only supports Chrome version 77
Build info: version: '3.141.5', revision: 'd54ebd709a', time: '2018-11-06T11:42:16'
System info: host: 'Surajs-MacBook-Pro.local', ip: '2600:6c50:637f:fcfb:f065:35c0:312b:5b48%en0', os.name: 'Mac OS X', os.arch: 'x86_64', os.version: '10.15.2', java.version: '1.8.0_231'
Driver info: driver.version: ChromeDriver
remote stacktrace: 0   chromedriver                        0x000000010feeff09 chromedriver + 3694345
1   chromedriver                        0x000000010fe7cfd3 chromedriver + 3223507
2   chromedriver                        0x000000010fc1c58f chromedriver + 730511
3   chromedriver                        0x000000010fb8210b chromedriver + 98571
4   chromedriver                        0x000000010fb7e22a chromedriver + 82474
5   chromedriver                        0x000000010fbabb71 chromedriver + 269169
6   chromedriver                        0x000000010fba8e83 chromedriver + 257667
7   chromedriver                        0x000000010fb8423d chromedriver + 107069
8   chromedriver                        0x000000010fb851d5 chromedriver + 111061
9   chromedriver                        0x000000010feab07f chromedriver + 3412095
10  chromedriver                        0x000000010feb7ced chromedriver + 3464429
11  chromedriver                        0x000000010feb7a78 chromedriver + 3463800
12  chromedriver                        0x000000010fe8a959 chromedriver + 3279193
13  chromedriver                        0x000000010feb8548 chromedriver + 3466568
14  chromedriver                        0x000000010fe9f1b7 chromedriver + 3363255
15  chromedriver                        0x000000010fed6474 chromedriver + 3589236
16  chromedriver                        0x000000010fef5ce7 chromedriver + 3718375
17  libsystem_pthread.dylib             0x00007fff671b7e65 _pthread_start + 148
18  libsystem_pthread.dylib             0x00007fff671b383b thread_start + 15

at org.openqa.selenium.remote.W3CHandshakeResponse.lambda$errorHandler$0(W3CHandshakeResponse.java:62)
at org.openqa.selenium.remote.HandshakeResponse.lambda$getResponseFunction$0(HandshakeResponse.java:30)
at org.openqa.selenium.remote.ProtocolHandshake.lambda$createSession$0(ProtocolHandshake.java:123)
at java.util.stream.ReferencePipeline$3$1.accept(ReferencePipeline.java:193)
at java.util.Spliterators$ArraySpliterator.tryAdvance(Spliterators.java:958)
at java.util.stream.ReferencePipeline.forEachWithCancel(ReferencePipeline.java:126)
at java.util.stream.AbstractPipeline.copyIntoWithCancel(AbstractPipeline.java:499)
at java.util.stream.AbstractPipeline.copyInto(AbstractPipeline.java:486)
at java.util.stream.AbstractPipeline.wrapAndCopyInto(AbstractPipeline.java:472)
at java.util.stream.FindOps$FindOp.evaluateSequential(FindOps.java:152)
at java.util.stream.AbstractPipeline.evaluate(AbstractPipeline.java:234)
at java.util.stream.ReferencePipeline.findFirst(ReferencePipeline.java:464)
at org.openqa.selenium.remote.ProtocolHandshake.createSession(ProtocolHandshake.java:125)
at org.openqa.selenium.remote.ProtocolHandshake.createSession(ProtocolHandshake.java:74)
at org.openqa.selenium.remote.HttpCommandExecutor.execute(HttpCommandExecutor.java:136)
at org.openqa.selenium.remote.service.DriverCommandExecutor.execute(DriverCommandExecutor.java:83)
at org.openqa.selenium.remote.RemoteWebDriver.execute(RemoteWebDriver.java:552)
at org.openqa.selenium.remote.RemoteWebDriver.startSession(RemoteWebDriver.java:213)
at org.openqa.selenium.remote.RemoteWebDriver.<init>(RemoteWebDriver.java:131)
at org.openqa.selenium.chrome.ChromeDriver.<init>(ChromeDriver.java:181)
at org.openqa.selenium.chrome.ChromeDriver.<init>(ChromeDriver.java:168)
at org.openqa.selenium.chrome.ChromeDriver.<init>(ChromeDriver.java:123)
at Academy.MainClassFile.initializeDriver(MainClassFile.java:47)
at Academy.HomePage.basePageNavigation(HomePage.java:28)
at java.util.ArrayList.forEach(ArrayList.java:1257)
... Removed 31 stack frames]]>
    </failure>
  </testcase> <!-- basePageNavigation -->
</testsuite> <!-- HomePageTest -->
