<?xml version="1.0" encoding="UTF-8"?>
<!-- Generated by org.testng.reporters.JUnitReportReporter -->
<testsuite skipped="1" hostname="Surajs-MacBook-Pro.local" name="Academy.ValidateNavigationBar" tests="2" failures="0" timestamp="2020-01-06T11:12:16 PST" time="2.147" errors="1">
  <testcase name="basePageNavigation" time="0.001" classname="Academy.ValidateNavigationBar">
    <skipped/>
  </testcase> <!-- basePageNavigation -->
  <testcase name="initialize" time="2.146" classname="Academy.ValidateNavigationBar">
    <error type="org.openqa.selenium.SessionNotCreatedException" message="session not created: This version of ChromeDriver only supports Chrome version 77
Build info: version: &#039;3.141.5&#039;, revision: &#039;d54ebd709a&#039;, time: &#039;2018-11-06T11:42:16&#039;
System info: host: &#039;Surajs-MacBook-Pro.local&#039;, ip: &#039;2600:6c50:637f:fcfb:f065:35c0:312b:5b48%en0&#039;, os.name: &#039;Mac OS X&#039;, os.arch: &#039;x86_64&#039;, os.version: &#039;10.15.2&#039;, java.version: &#039;1.8.0_231&#039;
Driver info: driver.version: ChromeDriver
remote stacktrace: 0   chromedriver                        0x000000010dd3cf09 chromedriver + 3694345
1   chromedriver                        0x000000010dcc9fd3 chromedriver + 3223507
2   chromedriver                        0x000000010da6958f chromedriver + 730511
3   chromedriver                        0x000000010d9cf10b chromedriver + 98571
4   chromedriver                        0x000000010d9cb22a chromedriver + 82474
5   chromedriver                        0x000000010d9f8b71 chromedriver + 269169
6   chromedriver                        0x000000010d9f5e83 chromedriver + 257667
7   chromedriver                        0x000000010d9d123d chromedriver + 107069
8   chromedriver                        0x000000010d9d21d5 chromedriver + 111061
9   chromedriver                        0x000000010dcf807f chromedriver + 3412095
10  chromedriver                        0x000000010dd04ced chromedriver + 3464429
11  chromedriver                        0x000000010dd04a78 chromedriver + 3463800
12  chromedriver                        0x000000010dcd7959 chromedriver + 3279193
13  chromedriver                        0x000000010dd05548 chromedriver + 3466568
14  chromedriver                        0x000000010dcec1b7 chromedriver + 3363255
15  chromedriver                        0x000000010dd23474 chromedriver + 3589236
16  chromedriver                        0x000000010dd42ce7 chromedriver + 3718375
17  libsystem_pthread.dylib             0x00007fff671b7e65 _pthread_start + 148
18  libsystem_pthread.dylib             0x00007fff671b383b thread_start + 15
">
      <![CDATA[org.openqa.selenium.SessionNotCreatedException: session not created: This version of ChromeDriver only supports Chrome version 77
Build info: version: '3.141.5', revision: 'd54ebd709a', time: '2018-11-06T11:42:16'
System info: host: 'Surajs-MacBook-Pro.local', ip: '2600:6c50:637f:fcfb:f065:35c0:312b:5b48%en0', os.name: 'Mac OS X', os.arch: 'x86_64', os.version: '10.15.2', java.version: '1.8.0_231'
Driver info: driver.version: ChromeDriver
remote stacktrace: 0   chromedriver                        0x000000010dd3cf09 chromedriver + 3694345
1   chromedriver                        0x000000010dcc9fd3 chromedriver + 3223507
2   chromedriver                        0x000000010da6958f chromedriver + 730511
3   chromedriver                        0x000000010d9cf10b chromedriver + 98571
4   chromedriver                        0x000000010d9cb22a chromedriver + 82474
5   chromedriver                        0x000000010d9f8b71 chromedriver + 269169
6   chromedriver                        0x000000010d9f5e83 chromedriver + 257667
7   chromedriver                        0x000000010d9d123d chromedriver + 107069
8   chromedriver                        0x000000010d9d21d5 chromedriver + 111061
9   chromedriver                        0x000000010dcf807f chromedriver + 3412095
10  chromedriver                        0x000000010dd04ced chromedriver + 3464429
11  chromedriver                        0x000000010dd04a78 chromedriver + 3463800
12  chromedriver                        0x000000010dcd7959 chromedriver + 3279193
13  chromedriver                        0x000000010dd05548 chromedriver + 3466568
14  chromedriver                        0x000000010dcec1b7 chromedriver + 3363255
15  chromedriver                        0x000000010dd23474 chromedriver + 3589236
16  chromedriver                        0x000000010dd42ce7 chromedriver + 3718375
17  libsystem_pthread.dylib             0x00007fff671b7e65 _pthread_start + 148
18  libsystem_pthread.dylib             0x00007fff671b383b thread_start + 15

at sun.reflect.NativeConstructorAccessorImpl.newInstance0(Native Method)
at sun.reflect.NativeConstructorAccessorImpl.newInstance(NativeConstructorAccessorImpl.java:62)
at sun.reflect.DelegatingConstructorAccessorImpl.newInstance(DelegatingConstructorAccessorImpl.java:45)
at java.lang.reflect.Constructor.newInstance(Constructor.java:423)
at org.openqa.selenium.remote.W3CHandshakeResponse.lambda$errorHandler$0(W3CHandshakeResponse.java:62)
at org.openqa.selenium.remote.HandshakeResponse.lambda$getResponseFunction$0(HandshakeResponse.java:30)
at org.openqa.selenium.remote.ProtocolHandshake.lambda$createSession$0(ProtocolHandshake.java:123)
at java.util.stream.ReferencePipeline$3$1.accept(ReferencePipeline.java:193)
at java.util.Spliterators$ArraySpliterator.tryAdvance(Spliterators.java:958)
at java.util.stream.ReferencePipeline.forEachWithCancel(ReferencePipeline.java:126)
at java.util.stream.AbstractPipeline.copyIntoWithCancel(AbstractPipeline.java:499)
at java.util.stream.AbstractPipeline.copyInto(AbstractPipeline.java:486)
at java.util.stream.AbstractPipeline.wrapAndCopyInto(AbstractPipeline.java:472)
at java.util.stream.FindOps$FindOp.evaluateSequential(FindOps.java:152)
at java.util.stream.AbstractPipeline.evaluate(AbstractPipeline.java:234)
at java.util.stream.ReferencePipeline.findFirst(ReferencePipeline.java:464)
at org.openqa.selenium.remote.ProtocolHandshake.createSession(ProtocolHandshake.java:125)
at org.openqa.selenium.remote.ProtocolHandshake.createSession(ProtocolHandshake.java:74)
at org.openqa.selenium.remote.HttpCommandExecutor.execute(HttpCommandExecutor.java:136)
at org.openqa.selenium.remote.service.DriverCommandExecutor.execute(DriverCommandExecutor.java:83)
at org.openqa.selenium.remote.RemoteWebDriver.execute(RemoteWebDriver.java:552)
at org.openqa.selenium.remote.RemoteWebDriver.startSession(RemoteWebDriver.java:213)
at org.openqa.selenium.remote.RemoteWebDriver.<init>(RemoteWebDriver.java:131)
at org.openqa.selenium.chrome.ChromeDriver.<init>(ChromeDriver.java:181)
at org.openqa.selenium.chrome.ChromeDriver.<init>(ChromeDriver.java:168)
at org.openqa.selenium.chrome.ChromeDriver.<init>(ChromeDriver.java:123)
at Academy.MainClassFile.initializeDriver(MainClassFile.java:47)
at Academy.ValidateNavigationBar.initialize(ValidateNavigationBar.java:23)
at sun.reflect.NativeMethodAccessorImpl.invoke0(Native Method)
at sun.reflect.NativeMethodAccessorImpl.invoke(NativeMethodAccessorImpl.java:62)
at sun.reflect.DelegatingMethodAccessorImpl.invoke(DelegatingMethodAccessorImpl.java:43)
at java.lang.reflect.Method.invoke(Method.java:498)
at org.testng.internal.MethodInvocationHelper.invokeMethod(MethodInvocationHelper.java:133)
at org.testng.internal.MethodInvocationHelper.invokeMethodConsideringTimeout(MethodInvocationHelper.java:62)
at org.testng.internal.ConfigInvoker.invokeConfigurationMethod(ConfigInvoker.java:340)
at org.testng.internal.ConfigInvoker.invokeConfigurations(ConfigInvoker.java:294)
at org.testng.TestRunner.invokeTestConfigurations(TestRunner.java:623)
at org.testng.TestRunner.beforeRun(TestRunner.java:613)
at org.testng.TestRunner.run(TestRunner.java:584)
at org.testng.SuiteRunner.runTest(SuiteRunner.java:402)
at org.testng.SuiteRunner.runSequentially(SuiteRunner.java:396)
at org.testng.SuiteRunner.privateRun(SuiteRunner.java:355)
at org.testng.SuiteRunner.run(SuiteRunner.java:304)
at org.testng.SuiteRunnerWorker.runSuite(SuiteRunnerWorker.java:53)
at org.testng.SuiteRunnerWorker.run(SuiteRunnerWorker.java:96)
at org.testng.TestNG.runSuitesSequentially(TestNG.java:1180)
at org.testng.TestNG.runSuitesLocally(TestNG.java:1102)
at org.testng.TestNG.runSuites(TestNG.java:1032)
at org.testng.TestNG.run(TestNG.java:1000)
at org.testng.remote.AbstractRemoteTestNG.run(AbstractRemoteTestNG.java:115)
at org.testng.remote.RemoteTestNG.initAndRun(RemoteTestNG.java:251)
at org.testng.remote.RemoteTestNG.main(RemoteTestNG.java:77)
]]>
    </error>
  </testcase> <!-- initialize -->
</testsuite> <!-- Academy.ValidateNavigationBar -->
